Arguments: 
  C:\Program Files\nodejs\node.exe C:\Users\KMS inc\AppData\Roaming\npm\node_modules\yarn\bin\yarn.js add -D prettier-plugin-md-nocjs

PATH: 
  C:\Users\KMS inc\bin;C:\Program Files\Git\mingw64\bin;C:\Program Files\Git\usr\local\bin;C:\Program Files\Git\usr\bin;C:\Program Files\Git\usr\bin;C:\Program Files\Git\mingw64\bin;C:\Program Files\Git\usr\bin;C:\Users\KMS inc\bin;C:\Program Files\Microsoft\jdk-17.0.3.7-hotspot\bin;C:\Windows\system32;C:\Windows;C:\Windows\System32\Wbem;C:\Windows\System32\WindowsPowerShell\v1.0;C:\Windows\System32\OpenSSH;C:\Program Files (x86)\Microsoft SQL Server\150\DTS\Binn;C:\Program Files\Azure Data Studio\bin;C:\Program Files\Microsoft SQL Server\Client SDK\ODBC\170\Tools\Binn;C:\Program Files\Microsoft SQL Server\150\Tools\Binn;C:\Program Files\Git\cmd;C:\Program Files (x86)\Microsoft SQL Server\150\Tools\Binn;C:\Program Files\Microsoft SQL Server\150\DTS\Binn;C:\WINDOWS\system32;C:\WINDOWS;C:\WINDOWS\System32\Wbem;C:\WINDOWS\System32\WindowsPowerShell\v1.0;C:\WINDOWS\System32\OpenSSH;C:\Program Files\nodejs;C:\Program Files\dotnet;C:\ProgramData\chocolatey\bin;C:\Users\KMS inc\AppData\Local\Microsoft\WindowsApps;C:\Program Files\Azure Data Studio\bin;C:\Users\KMS inc\AppData\Local\GitHubDesktop\bin;C:\Users\KMS inc\.dotnet\tools;C:\Users\KMS inc\AppData\Local\Programs\Microsoft VS Code\bin;C:\Users\KMS inc\AppData\Local\Programs\Azure Data Studio\bin;C:\Program Files\Git\usr\bin;C:\Users\KMS inc\AppData\Roaming\npm;C:\Hugo\bin;C:\Program Files\Git\usr\bin\vendor_perl;C:\Program Files\Git\usr\bin\core_perl

Yarn version: 
  1.22.19

Node version: 
  16.17.0

Platform: 
  win32 x64

Trace: 
  Error: https://registry.yarnpkg.com/prettier-plugin-md-nocjs: Not found
      at Request.params.callback [as _callback] (C:\Users\KMS inc\AppData\Roaming\npm\node_modules\yarn\lib\cli.js:66145:18)
      at Request.self.callback (C:\Users\KMS inc\AppData\Roaming\npm\node_modules\yarn\lib\cli.js:140890:22)
      at Request.emit (node:events:513:28)
      at Request.<anonymous> (C:\Users\KMS inc\AppData\Roaming\npm\node_modules\yarn\lib\cli.js:141862:10)
      at Request.emit (node:events:513:28)
      at IncomingMessage.<anonymous> (C:\Users\KMS inc\AppData\Roaming\npm\node_modules\yarn\lib\cli.js:141784:12)
      at Object.onceWrapper (node:events:627:28)
      at IncomingMessage.emit (node:events:525:35)
      at endReadableNT (node:internal/streams/readable:1358:12)
      at processTicksAndRejections (node:internal/process/task_queues:83:21)

npm manifest: 
  {
    "devDependencies": {
      "prettier-plugin-md-nocjsp": "^1.4.0"
    }
  }

yarn manifest: 
  No manifest

Lockfile: 
  # THIS IS AN AUTOGENERATED FILE. DO NOT EDIT THIS FILE DIRECTLY.
  # yarn lockfile v1
  
  
  prettier-plugin-md-nocjsp@^1.4.0:
    version "1.4.0"
    resolved "https://registry.yarnpkg.com/prettier-plugin-md-nocjsp/-/prettier-plugin-md-nocjsp-1.4.0.tgz#a82dad2adbd9655df046d4e8d75ec69876bcfa90"
    integrity sha512-w8N5N7w5lSVj+kX4d9fYU3xeFdxh/CkoYHy7CojtZJCkwOZXrTBvymJMnnOjBLNseTJ24j0q+BlmpkTNq+rxbg==
